\BOOKMARK [1][-]{section.1}{Problem Description}{}% 1
\BOOKMARK [1][-]{section.2}{High Level Design}{}% 2
\BOOKMARK [2][-]{subsection.2.1}{Approach}{section.2}% 3
\BOOKMARK [2][-]{subsection.2.2}{Software Architecture}{section.2}% 4
\BOOKMARK [3][-]{subsubsection.2.2.1}{potato.py}{subsection.2.2}% 5
\BOOKMARK [3][-]{subsubsection.2.2.2}{knn.py}{subsection.2.2}% 6
\BOOKMARK [3][-]{subsubsection.2.2.3}{svm.py}{subsection.2.2}% 7
\BOOKMARK [3][-]{subsubsection.2.2.4}{train\137test\137split.py}{subsection.2.2}% 8
\BOOKMARK [2][-]{subsection.2.3}{Data Collection Process}{section.2}% 9
\BOOKMARK [2][-]{subsection.2.4}{Theory}{section.2}% 10
\BOOKMARK [3][-]{subsubsection.2.4.1}{K Nearest Neighbors}{subsection.2.4}% 11
\BOOKMARK [3][-]{subsubsection.2.4.2}{Support Vector Machine}{subsection.2.4}% 12
\BOOKMARK [3][-]{subsubsection.2.4.3}{Convolutional Neural Network \(LeNet\)}{subsection.2.4}% 13
\BOOKMARK [3][-]{subsubsection.2.4.4}{Cross Validation}{subsection.2.4}% 14
\BOOKMARK [1][-]{section.3}{Evaluation}{}% 15
\BOOKMARK [2][-]{subsection.3.1}{Hand Drawn Data}{section.3}% 16
\BOOKMARK [3][-]{subsubsection.3.1.1}{K Nearest Neighbors}{subsection.3.1}% 17
\BOOKMARK [3][-]{subsubsection.3.1.2}{Support Vector Machine}{subsection.3.1}% 18
\BOOKMARK [3][-]{subsubsection.3.1.3}{Convolutional Neural Network}{subsection.3.1}% 19
\BOOKMARK [2][-]{subsection.3.2}{Food Dataset}{section.3}% 20
\BOOKMARK [3][-]{subsubsection.3.2.1}{K Nearest Neighbors}{subsection.3.2}% 21
\BOOKMARK [3][-]{subsubsection.3.2.2}{Support Vector Machine}{subsection.3.2}% 22
\BOOKMARK [3][-]{subsubsection.3.2.3}{Convolutional Neural Network}{subsection.3.2}% 23
\BOOKMARK [1][-]{section.4}{Conclusion}{}% 24
\BOOKMARK [1][-]{section.5}{Future Work}{}% 25
\BOOKMARK [1][-]{section.6}{Appendix}{}% 26
\BOOKMARK [1][-]{section.7}{Permissions}{}% 27
\BOOKMARK [1][-]{section.8}{Credits}{}% 28
